#
# A fatal error has been detected by the Java Runtime Environment:
#
#  SIGSEGV (0xb) at pc=0x0000000129eb5d6f, pid=12183, tid=17415
#
# JRE version: Java(TM) SE Runtime Environment 18.9 (11.0.20+9) (build 11.0.20+9-LTS-256)
# Java VM: Java HotSpot(TM) 64-Bit Server VM 18.9 (11.0.20+9-LTS-256, mixed mode, tiered, compressed oops, g1 gc, bsd-amd64)
# Problematic frame:
# C  [libCTRE_SimPigeonIMU.dylib+0x7d6f]
#
# No core dump will be written. Core dumps have been disabled. To enable core dumping, try "ulimit -c unlimited" before starting Java again
#
# If you would like to submit a bug report, please visit:
#   https://bugreport.java.com/bugreport/crash.jsp
# The crash happened outside the Java Virtual Machine in native code.
# See problematic frame for where to report the bug.
#

---------------  S U M M A R Y ------------

Command Line: -agentlib:jdwp=transport=dt_socket,server=n,suspend=y,address=localhost:52605 -Djava.library.path=/Users/aidanlynch/Documents/MAXSwerve for MK4i/build/jni/release frc.robot.Main

Host: MacBookAir7,2 x86_64 1600 MHz, 4 cores, 4G, Darwin 21.6.0
Time: Thu Oct 19 14:09:50 2023 EDT elapsed time: 43.726663 seconds (0d 0h 0m 43s)

---------------  T H R E A D  ---------------

Current thread (0x00007fd33da06000):  JavaThread "robot main" daemon [_thread_in_native, id=17415, stack(0x000070000d9d1000,0x000070000dad1000)]

Stack: [0x000070000d9d1000,0x000070000dad1000],  sp=0x000070000dad02b0,  free space=1020k
Native frames: (J=compiled Java code, j=interpreted, Vv=VM code, C=native code)
C  [libCTRE_SimPigeonIMU.dylib+0x7d6f]
C  [libCTRE_SimPigeonIMU.dylib+0x79ef]
C  [libCTRE_SimPigeonIMU.dylib+0x7a84]
C  [libCTRE_PhoenixTools_Sim.dylib+0x1845d8]
C  [libCTRE_PhoenixCCISim.dylib+0x36b5f]
J 857  com.ctre.phoenix.platform.PlatformJNI.JNI_SimGetPhysicsValue(IILjava/lang/String;)D (0 bytes) @ 0x0000000117bce3a1 [0x0000000117bce2c0+0x00000000000000e1]
J 974 c1 com.ctre.phoenix.sensors.WPI_Pigeon2$OnPeriodicCallback.run()V (112 bytes) @ 0x0000000110821b84 [0x0000000110821a40+0x0000000000000144]
J 972 c1 edu.wpi.first.hal.HAL.simPeriodicBefore()V (57 bytes) @ 0x0000000110814144 [0x0000000110813bc0+0x0000000000000584]
J 886 c1 edu.wpi.first.wpilibj.IterativeRobotBase.loopFunc()V (487 bytes) @ 0x00000001107daa24 [0x00000001107d6ea0+0x0000000000003b84]
J 885 c1 edu.wpi.first.wpilibj.TimedRobot$$Lambda$7.run()V (8 bytes) @ 0x00000001107d624c [0x00000001107d6140+0x000000000000010c]
j  edu.wpi.first.wpilibj.TimedRobot.startCompetition()V+73
j  edu.wpi.first.wpilibj.RobotBase.runRobot(Ljava/util/function/Supplier;)V+264
j  edu.wpi.first.wpilibj.RobotBase.lambda$startRobot$0(Ljava/util/function/Supplier;)V+1
j  edu.wpi.first.wpilibj.RobotBase$$Lambda$2.run()V+4
j  java.lang.Thread.run()V+11 java.base@11.0.20
v  ~StubRoutines::call_stub
V  [libjvm.dylib+0x394b51]  _ZN9JavaCalls11call_helperEP9JavaValueRK12methodHandleP17JavaCallArgumentsP6Thread+0x207
V  [libjvm.dylib+0x393f96]  _ZN9JavaCalls12call_virtualEP9JavaValueP5KlassP6SymbolS5_P17JavaCallArgumentsP6Thread+0xea
V  [libjvm.dylib+0x394056]  _ZN9JavaCalls12call_virtualEP9JavaValue6HandleP5KlassP6SymbolS6_P6Thread+0x62
V  [libjvm.dylib+0x41d016]  _ZL12thread_entryP10JavaThreadP6Thread+0x78
V  [libjvm.dylib+0x73ee38]  _ZN10JavaThread17thread_main_innerEv+0x82
V  [libjvm.dylib+0x73ec92]  _ZN10JavaThread3runEv+0x126
V  [libjvm.dylib+0x73cb58]  _ZN6Thread8call_runEv+0x68
V  [libjvm.dylib+0x6423d4]  _ZL19thread_native_entryP6Thread+0x122
C  [libsystem_pthread.dylib+0x64e1]  _pthread_start+0x7d
C  [libsystem_pthread.dylib+0x1f6b]  thread_start+0xf

Java frames: (J=compiled Java code, j=interpreted, Vv=VM code)
J 857  com.ctre.phoenix.platform.PlatformJNI.JNI_SimGetPhysicsValue(IILjava/lang/String;)D (0 bytes) @ 0x0000000117bce328 [0x0000000117bce2c0+0x0000000000000068]
J 974 c1 com.ctre.phoenix.sensors.WPI_Pigeon2$OnPeriodicCallback.run()V (112 bytes) @ 0x0000000110821b84 [0x0000000110821a40+0x0000000000000144]
J 972 c1 edu.wpi.first.hal.HAL.simPeriodicBefore()V (57 bytes) @ 0x0000000110814144 [0x0000000110813bc0+0x0000000000000584]
J 886 c1 edu.wpi.first.wpilibj.IterativeRobotBase.loopFunc()V (487 bytes) @ 0x00000001107daa24 [0x00000001107d6ea0+0x0000000000003b84]
J 885 c1 edu.wpi.first.wpilibj.TimedRobot$$Lambda$7.run()V (8 bytes) @ 0x00000001107d624c [0x00000001107d6140+0x000000000000010c]
j  edu.wpi.first.wpilibj.TimedRobot.startCompetition()V+73
j  edu.wpi.first.wpilibj.RobotBase.runRobot(Ljava/util/function/Supplier;)V+264
j  edu.wpi.first.wpilibj.RobotBase.lambda$startRobot$0(Ljava/util/function/Supplier;)V+1
j  edu.wpi.first.wpilibj.RobotBase$$Lambda$2.run()V+4
j  java.lang.Thread.run()V+11 java.base@11.0.20
v  ~StubRoutines::call_stub

siginfo: si_signo: 11 (SIGSEGV), si_code: 1 (SEGV_MAPERR), si_addr: 0x0000000000000050

Register to memory mapping:

RAX=0x0 is NULL
RBX=0x000070000dad0308 is pointing into the stack for thread: 0x00007fd33da06000
RCX=0x0000000000000004 is an unknown value
RDX=0x000000000000000a is an unknown value
RSP=0x000070000dad02b0 is pointing into the stack for thread: 0x00007fd33da06000
RBP=0x000070000dad02f0 is pointing into the stack for thread: 0x00007fd33da06000
RSI=0x000000000000000a is an unknown value
RDI=0x0000000000011f00 is an unknown value
R8 =0x000000000006fd68 is an unknown value
R9 =0xffffffff00000000 is an unknown value
R10=0x00007fd33f519f18 points into unknown readable memory: 0x0000000000000000 | 00 00 00 00 00 00 00 00
R11=0x000000012a446960: <offset 0x185960> in /Users/aidanlynch/Documents/MAXSwerve for MK4i/build/jni/release/libCTRE_PhoenixTools_Sim.dylib at 0x000000012a2c1000
R12=0x0000000000000017 is an unknown value
R13=0x00007fd33f534920 points into unknown readable memory: 0x0000000000000000 | 00 00 00 00 00 00 00 00
R14=0x0000000129ecf6d0: <offset 0x216d0> in /Users/aidanlynch/Documents/MAXSwerve for MK4i/build/jni/release/libCTRE_SimPigeonIMU.dylib at 0x0000000129eae000
R15=0x1d6530672b26eb85 is an unknown value


Registers:
RAX=0x0000000000000000, RBX=0x000070000dad0308, RCX=0x0000000000000004, RDX=0x000000000000000a
RSP=0x000070000dad02b0, RBP=0x000070000dad02f0, RSI=0x000000000000000a, RDI=0x0000000000011f00
R8 =0x000000000006fd68, R9 =0xffffffff00000000, R10=0x00007fd33f519f18, R11=0x000000012a446960
R12=0x0000000000000017, R13=0x00007fd33f534920, R14=0x0000000129ecf6d0, R15=0x1d6530672b26eb85
RIP=0x0000000129eb5d6f, EFLAGS=0x0000000000010246, ERR=0x0000000000000004
  TRAPNO=0x000000000000000e

Top of Stack: (sp=0x000070000dad02b0)
0x000070000dad02b0:   000070000dad02d0 0000000107cca2ae
0x000070000dad02c0:   00007fd33f53df30 000070000dad040d
0x000070000dad02d0:   0000000129ece7f0 00007fd33f534920
0x000070000dad02e0:   000070000dad0401 000000000000000c
0x000070000dad02f0:   000070000dad0330 0000000129eb59ef
0x000070000dad0300:   000070000dad0330 000070000dad0401
0x000070000dad0310:   000000000000000c 000070000dad0401
0x000070000dad0320:   000070000dad03e8 000000000000000c
0x000070000dad0330:   000070000dad0360 0000000129eb5a84
0x000070000dad0340:   00007fd33f5347c0 00007fd33f534910
0x000070000dad0350:   0000000000000002 00000000ffffff83
0x000070000dad0360:   000070000dad03d0 000000012a4455d8
0x000070000dad0370:   00007fd33f532200 00007fd33f5348e0
0x000070000dad0380:   000070000dad03e8 000000000000000c
0x000070000dad0390:   000070000dad0401 00007fd33f5345a8
0x000070000dad03a0:   00007fd33f534480 00007fd33f573c00
0x000070000dad03b0:   000000000000000c 000070000dad0401
0x000070000dad03c0:   0000000000000000 00007fd33da06348
0x000070000dad03d0:   000070000dad0440 0000000129f13b5f
0x000070000dad03e0:   00007fd33f5315d0 0000000000000000
0x000070000dad03f0:   0000000700000002 000070000dad0460
0x000070000dad0400:   6548646573754618 000000676e696461
0x000070000dad0410:   000070000dad0968 0000000129ff4a88
0x000070000dad0420:   0000000000000000 00000007c319d660
0x000070000dad0430:   000070000dad0480 00007fd33da06000
0x000070000dad0440:   000070000dad0490 0000000117bce3a1
0x000070000dad0450:   00000007c303b8e0 000070000dad0530
0x000070000dad0460:   00000007c3037940 00007ff80d28c685
0x000070000dad0470:   000070000dad0968 00000001107fad55
0x000070000dad0480:   00000007c3049c78 00000007c3fc0638
0x000070000dad0490:   000070000dad0968 0000000110821b84
0x000070000dad04a0:   00000007c3fc0638 00000000026e2ccb 

Instructions: (pc=0x0000000129eb5d6f)
0x0000000129eb5d4f:   85 c0 75 3d eb 68 4c 89 f8 4c 09 e0 48 c1 e8 20
0x0000000129eb5d5f:   74 19 4c 89 f8 31 d2 49 f7 f4 48 89 d6 49 8b 06
0x0000000129eb5d6f:   48 8b 04 f0 48 85 c0 75 18 eb 43 44 89 f8 31 d2
0x0000000129eb5d7f:   41 f7 f4 89 d6 49 8b 06 48 8b 04 f0 48 85 c0 74 

Stack slot to memory mapping:
stack at sp + 0 slots: 0x000070000dad02d0 is pointing into the stack for thread: 0x00007fd33da06000
stack at sp + 1 slots: 0x0000000107cca2ae: _ZN18SafepointMechanism16local_poll_armedEP10JavaThread+0x1e in /Library/Java/JavaVirtualMachines/jdk-11.jdk/Contents/Home/lib/server/libjvm.dylib at 0x000000010756f000
stack at sp + 2 slots: 0x00007fd33f53df30 points into unknown readable memory: 0x00007ff84eaff480 | 80 f4 af 4e f8 7f 00 00
stack at sp + 3 slots: 0x000070000dad040d is pointing into the stack for thread: 0x00007fd33da06000
stack at sp + 4 slots: 0x0000000129ece7f0: <offset 0x207f0> in /Users/aidanlynch/Documents/MAXSwerve for MK4i/build/jni/release/libCTRE_SimPigeonIMU.dylib at 0x0000000129eae000
stack at sp + 5 slots: 0x00007fd33f534920 points into unknown readable memory: 0x0000000000000000 | 00 00 00 00 00 00 00 00
stack at sp + 6 slots: 0x000070000dad0401 is pointing into the stack for thread: 0x00007fd33da06000
stack at sp + 7 slots: 0x000000000000000c is an unknown value


---------------  P R O C E S S  ---------------

Threads class SMR info:
_java_thread_list=0x00007fd33d055aa0, length=13, elements={
0x00007fd33d813800, 0x00007fd33c89f000, 0x00007fd33d843000, 0x00007fd33d846800,
0x00007fd33d845000, 0x00007fd33d85d000, 0x00007fd33c8a2800, 0x00007fd33c89f800,
0x00007fd33d904800, 0x00007fd33d80b000, 0x00007fd33c920000, 0x00007fd33da06000,
0x00007fd33dcc9800
}

Java Threads: ( => current thread )
  0x00007fd33d813800 JavaThread "main" [_thread_in_native, id=259, stack(0x00007ff7bb64a000,0x00007ff7bbe4a000)]
  0x00007fd33c89f000 JavaThread "Reference Handler" daemon [_thread_blocked, id=18947, stack(0x000070000cba1000,0x000070000cca1000)]
  0x00007fd33d843000 JavaThread "Finalizer" daemon [_thread_blocked, id=14083, stack(0x000070000cca4000,0x000070000cda4000)]
  0x00007fd33d846800 JavaThread "Signal Dispatcher" daemon [_thread_blocked, id=15363, stack(0x000070000cead000,0x000070000cfad000)]
  0x00007fd33d845000 JavaThread "Service Thread" daemon [_thread_blocked, id=16131, stack(0x000070000cfb0000,0x000070000d0b0000)]
  0x00007fd33d85d000 JavaThread "C2 CompilerThread0" daemon [_thread_blocked, id=22019, stack(0x000070000d0b3000,0x000070000d1b3000)]
  0x00007fd33c8a2800 JavaThread "C1 CompilerThread0" daemon [_thread_blocked, id=43267, stack(0x000070000d1b6000,0x000070000d2b6000)]
  0x00007fd33c89f800 JavaThread "Sweeper thread" daemon [_thread_blocked, id=23299, stack(0x000070000d2b9000,0x000070000d3b9000)]
  0x00007fd33d904800 JavaThread "JDWP Transport Listener: dt_socket" daemon [_thread_in_native, id=42755, stack(0x000070000d3bc000,0x000070000d4bc000)]
  0x00007fd33d80b000 JavaThread "JDWP Event Helper Thread" daemon [_thread_blocked, id=24067, stack(0x000070000d4bf000,0x000070000d5bf000)]
  0x00007fd33c920000 JavaThread "Common-Cleaner" daemon [_thread_blocked, id=25603, stack(0x000070000d7c8000,0x000070000d8c8000)]
=>0x00007fd33da06000 JavaThread "robot main" daemon [_thread_in_native, id=17415, stack(0x000070000d9d1000,0x000070000dad1000)]
  0x00007fd33dcc9800 JavaThread "Thread-0" daemon [_thread_in_native, id=54531, stack(0x000070000fc69000,0x000070000fd69000)]

Other Threads:
  0x00007fd33d83c800 VMThread "VM Thread" [stack: 0x000070000ca9e000,0x000070000cb9e000] [id=19715]
  0x00007fd33c91f000 WatcherThread [stack: 0x000070000d6c5000,0x000070000d7c5000] [id=24835]
  0x00007fd33d820000 GCTaskThread "GC Thread#0" [stack: 0x000070000c58f000,0x000070000c68f000] [id=11267]
  0x00007fd33ce2e000 GCTaskThread "GC Thread#1" [stack: 0x0000700010390000,0x0000700010490000] [id=58635]
  0x00007fd33c831000 ConcurrentGCThread "G1 Main Marker" [stack: 0x000070000c692000,0x000070000c792000] [id=11779]
  0x00007fd33c831800 ConcurrentGCThread "G1 Conc#0" [stack: 0x000070000c795000,0x000070000c895000] [id=12291]
  0x00007fd33c862800 ConcurrentGCThread "G1 Refine#0" [stack: 0x000070000c898000,0x000070000c998000] [id=20739]
  0x00007fd33d821000 ConcurrentGCThread "G1 Young RemSet Sampling" [stack: 0x000070000c99b000,0x000070000ca9b000] [id=12803]

Threads with active compile tasks:

VM state:not at safepoint (normal execution)

VM Mutex/Monitor currently owned by a thread: None

Heap address: 0x00000007c0000000, size: 1024 MB, Compressed Oops mode: Zero based, Oop shift amount: 3
Narrow klass base: 0x0000000800000000, Narrow klass shift: 0
Compressed class space size: 1073741824 Address: 0x0000000800000000

Heap:
 garbage-first heap   total 65536K, used 1752K [0x00000007c0000000, 0x0000000800000000)
  region size 1024K, 3 young (3072K), 2 survivors (2048K)
 Metaspace       used 9048K, capacity 9323K, committed 9472K, reserved 1058816K
  class space    used 860K, capacity 957K, committed 1024K, reserved 1048576K
Heap Regions: E=young(eden), S=young(survivor), O=old, HS=humongous(starts), HC=humongous(continues), CS=collection set, F=free, A=archive, TAMS=top-at-mark-start (previous, next)
|   0|0x00000007c0000000, 0x00000007c0000000, 0x00000007c0100000|  0%| F|  |TAMS 0x00000007c0000000, 0x00000007c0000000| Untracked 
|   1|0x00000007c0100000, 0x00000007c0100000, 0x00000007c0200000|  0%| F|  |TAMS 0x00000007c0100000, 0x00000007c0100000| Untracked 
|   2|0x00000007c0200000, 0x00000007c0200000, 0x00000007c0300000|  0%| F|  |TAMS 0x00000007c0200000, 0x00000007c0200000| Untracked 
|   3|0x00000007c0300000, 0x00000007c0300000, 0x00000007c0400000|  0%| F|  |TAMS 0x00000007c0300000, 0x00000007c0300000| Untracked 
|   4|0x00000007c0400000, 0x00000007c0400000, 0x00000007c0500000|  0%| F|  |TAMS 0x00000007c0400000, 0x00000007c0400000| Untracked 
|   5|0x00000007c0500000, 0x00000007c0500000, 0x00000007c0600000|  0%| F|  |TAMS 0x00000007c0500000, 0x00000007c0500000| Untracked 
|   6|0x00000007c0600000, 0x00000007c0600000, 0x00000007c0700000|  0%| F|  |TAMS 0x00000007c0600000, 0x00000007c0600000| Untracked 
|   7|0x00000007c0700000, 0x00000007c0700000, 0x00000007c0800000|  0%| F|  |TAMS 0x00000007c0700000, 0x00000007c0700000| Untracked 
|   8|0x00000007c0800000, 0x00000007c0800000, 0x00000007c0900000|  0%| F|  |TAMS 0x00000007c0800000, 0x00000007c0800000| Untracked 
|   9|0x00000007c0900000, 0x00000007c0900000, 0x00000007c0a00000|  0%| F|  |TAMS 0x00000007c0900000, 0x00000007c0900000| Untracked 
|  10|0x00000007c0a00000, 0x00000007c0a00000, 0x00000007c0b00000|  0%| F|  |TAMS 0x00000007c0a00000, 0x00000007c0a00000| Untracked 
|  11|0x00000007c0b00000, 0x00000007c0b00000, 0x00000007c0c00000|  0%| F|  |TAMS 0x00000007c0b00000, 0x00000007c0b00000| Untracked 
|  12|0x00000007c0c00000, 0x00000007c0c00000, 0x00000007c0d00000|  0%| F|  |TAMS 0x00000007c0c00000, 0x00000007c0c00000| Untracked 
|  13|0x00000007c0d00000, 0x00000007c0d00000, 0x00000007c0e00000|  0%| F|  |TAMS 0x00000007c0d00000, 0x00000007c0d00000| Untracked 
|  14|0x00000007c0e00000, 0x00000007c0e00000, 0x00000007c0f00000|  0%| F|  |TAMS 0x00000007c0e00000, 0x00000007c0e00000| Untracked 
|  15|0x00000007c0f00000, 0x00000007c0f00000, 0x00000007c1000000|  0%| F|  |TAMS 0x00000007c0f00000, 0x00000007c0f00000| Untracked 
|  16|0x00000007c1000000, 0x00000007c1000000, 0x00000007c1100000|  0%| F|  |TAMS 0x00000007c1000000, 0x00000007c1000000| Untracked 
|  17|0x00000007c1100000, 0x00000007c1100000, 0x00000007c1200000|  0%| F|  |TAMS 0x00000007c1100000, 0x00000007c1100000| Untracked 
|  18|0x00000007c1200000, 0x00000007c1200000, 0x00000007c1300000|  0%| F|  |TAMS 0x00000007c1200000, 0x00000007c1200000| Untracked 
|  19|0x00000007c1300000, 0x00000007c1300000, 0x00000007c1400000|  0%| F|  |TAMS 0x00000007c1300000, 0x00000007c1300000| Untracked 
|  20|0x00000007c1400000, 0x00000007c1400000, 0x00000007c1500000|  0%| F|  |TAMS 0x00000007c1400000, 0x00000007c1400000| Untracked 
|  21|0x00000007c1500000, 0x00000007c1500000, 0x00000007c1600000|  0%| F|  |TAMS 0x00000007c1500000, 0x00000007c1500000| Untracked 
|  22|0x00000007c1600000, 0x00000007c1600000, 0x00000007c1700000|  0%| F|  |TAMS 0x00000007c1600000, 0x00000007c1600000| Untracked 
|  23|0x00000007c1700000, 0x00000007c1700000, 0x00000007c1800000|  0%| F|  |TAMS 0x00000007c1700000, 0x00000007c1700000| Untracked 
|  24|0x00000007c1800000, 0x00000007c1800000, 0x00000007c1900000|  0%| F|  |TAMS 0x00000007c1800000, 0x00000007c1800000| Untracked 
|  25|0x00000007c1900000, 0x00000007c1900000, 0x00000007c1a00000|  0%| F|  |TAMS 0x00000007c1900000, 0x00000007c1900000| Untracked 
|  26|0x00000007c1a00000, 0x00000007c1a00000, 0x00000007c1b00000|  0%| F|  |TAMS 0x00000007c1a00000, 0x00000007c1a00000| Untracked 
|  27|0x00000007c1b00000, 0x00000007c1b00000, 0x00000007c1c00000|  0%| F|  |TAMS 0x00000007c1b00000, 0x00000007c1b00000| Untracked 
|  28|0x00000007c1c00000, 0x00000007c1c00000, 0x00000007c1d00000|  0%| F|  |TAMS 0x00000007c1c00000, 0x00000007c1c00000| Untracked 
|  29|0x00000007c1d00000, 0x00000007c1d00000, 0x00000007c1e00000|  0%| F|  |TAMS 0x00000007c1d00000, 0x00000007c1d00000| Untracked 
|  30|0x00000007c1e00000, 0x00000007c1e00000, 0x00000007c1f00000|  0%| F|  |TAMS 0x00000007c1e00000, 0x00000007c1e00000| Untracked 
|  31|0x00000007c1f00000, 0x00000007c1f00000, 0x00000007c2000000|  0%| F|  |TAMS 0x00000007c1f00000, 0x00000007c1f00000| Untracked 
|  32|0x00000007c2000000, 0x00000007c2000000, 0x00000007c2100000|  0%| F|  |TAMS 0x00000007c2000000, 0x00000007c2000000| Untracked 
|  33|0x00000007c2100000, 0x00000007c2100000, 0x00000007c2200000|  0%| F|  |TAMS 0x00000007c2100000, 0x00000007c2100000| Untracked 
|  34|0x00000007c2200000, 0x00000007c2200000, 0x00000007c2300000|  0%| F|  |TAMS 0x00000007c2200000, 0x00000007c2200000| Untracked 
|  35|0x00000007c2300000, 0x00000007c2300000, 0x00000007c2400000|  0%| F|  |TAMS 0x00000007c2300000, 0x00000007c2300000| Untracked 
|  36|0x00000007c2400000, 0x00000007c2400000, 0x00000007c2500000|  0%| F|  |TAMS 0x00000007c2400000, 0x00000007c2400000| Untracked 
|  37|0x00000007c2500000, 0x00000007c2500000, 0x00000007c2600000|  0%| F|  |TAMS 0x00000007c2500000, 0x00000007c2500000| Untracked 
|  38|0x00000007c2600000, 0x00000007c2600000, 0x00000007c2700000|  0%| F|  |TAMS 0x00000007c2600000, 0x00000007c2600000| Untracked 
|  39|0x00000007c2700000, 0x00000007c2700000, 0x00000007c2800000|  0%| F|  |TAMS 0x00000007c2700000, 0x00000007c2700000| Untracked 
|  40|0x00000007c2800000, 0x00000007c2800000, 0x00000007c2900000|  0%| F|  |TAMS 0x00000007c2800000, 0x00000007c2800000| Untracked 
|  41|0x00000007c2900000, 0x00000007c2900000, 0x00000007c2a00000|  0%| F|  |TAMS 0x00000007c2900000, 0x00000007c2900000| Untracked 
|  42|0x00000007c2a00000, 0x00000007c2a00000, 0x00000007c2b00000|  0%| F|  |TAMS 0x00000007c2a00000, 0x00000007c2a00000| Untracked 
|  43|0x00000007c2b00000, 0x00000007c2b00000, 0x00000007c2c00000|  0%| F|  |TAMS 0x00000007c2b00000, 0x00000007c2b00000| Untracked 
|  44|0x00000007c2c00000, 0x00000007c2c00000, 0x00000007c2d00000|  0%| F|  |TAMS 0x00000007c2c00000, 0x00000007c2c00000| Untracked 
|  45|0x00000007c2d00000, 0x00000007c2d00000, 0x00000007c2e00000|  0%| F|  |TAMS 0x00000007c2d00000, 0x00000007c2d00000| Untracked 
|  46|0x00000007c2e00000, 0x00000007c2e00000, 0x00000007c2f00000|  0%| F|  |TAMS 0x00000007c2e00000, 0x00000007c2e00000| Untracked 
|  47|0x00000007c2f00000, 0x00000007c2f00000, 0x00000007c3000000|  0%| F|  |TAMS 0x00000007c2f00000, 0x00000007c2f00000| Untracked 
|  48|0x00000007c3000000, 0x00000007c30b6010, 0x00000007c3100000| 71%| S|CS|TAMS 0x00000007c3000000, 0x00000007c3000000| Complete 
|  49|0x00000007c3100000, 0x00000007c3200000, 0x00000007c3200000|100%| S|CS|TAMS 0x00000007c3100000, 0x00000007c3100000| Complete 
|  50|0x00000007c3200000, 0x00000007c3200000, 0x00000007c3300000|  0%| F|  |TAMS 0x00000007c3200000, 0x00000007c3200000| Untracked 
|  51|0x00000007c3300000, 0x00000007c3300000, 0x00000007c3400000|  0%| F|  |TAMS 0x00000007c3300000, 0x00000007c3300000| Untracked 
|  52|0x00000007c3400000, 0x00000007c3400000, 0x00000007c3500000|  0%| F|  |TAMS 0x00000007c3400000, 0x00000007c3400000| Untracked 
|  53|0x00000007c3500000, 0x00000007c3500000, 0x00000007c3600000|  0%| F|  |TAMS 0x00000007c3500000, 0x00000007c3500000| Untracked 
|  54|0x00000007c3600000, 0x00000007c3600000, 0x00000007c3700000|  0%| F|  |TAMS 0x00000007c3600000, 0x00000007c3600000| Untracked 
|  55|0x00000007c3700000, 0x00000007c3700000, 0x00000007c3800000|  0%| F|  |TAMS 0x00000007c3700000, 0x00000007c3700000| Untracked 
|  56|0x00000007c3800000, 0x00000007c3800000, 0x00000007c3900000|  0%| F|  |TAMS 0x00000007c3800000, 0x00000007c3800000| Untracked 
|  57|0x00000007c3900000, 0x00000007c3900000, 0x00000007c3a00000|  0%| F|  |TAMS 0x00000007c3900000, 0x00000007c3900000| Untracked 
|  58|0x00000007c3a00000, 0x00000007c3a00000, 0x00000007c3b00000|  0%| F|  |TAMS 0x00000007c3a00000, 0x00000007c3a00000| Untracked 
|  59|0x00000007c3b00000, 0x00000007c3b00000, 0x00000007c3c00000|  0%| F|  |TAMS 0x00000007c3b00000, 0x00000007c3b00000| Untracked 
|  60|0x00000007c3c00000, 0x00000007c3c00000, 0x00000007c3d00000|  0%| F|  |TAMS 0x00000007c3c00000, 0x00000007c3c00000| Untracked 
|  61|0x00000007c3d00000, 0x00000007c3d00000, 0x00000007c3e00000|  0%| F|  |TAMS 0x00000007c3d00000, 0x00000007c3d00000| Untracked 
|  62|0x00000007c3e00000, 0x00000007c3e00000, 0x00000007c3f00000|  0%| F|  |TAMS 0x00000007c3e00000, 0x00000007c3e00000| Untracked 
|  63|0x00000007c3f00000, 0x00000007c4000000, 0x00000007c4000000|100%| E|  |TAMS 0x00000007c3f00000, 0x00000007c3f00000| Complete 

Card table byte_map: [0x0000000106800000,0x0000000106a00000] _byte_map_base: 0x0000000102a00000

Marking Bits (Prev, Next): (CMBitMap*) 0x00007fd33c815018, (CMBitMap*) 0x00007fd33c815050
 Prev Bits: [0x000000011f0c4000, 0x00000001200c4000)
 Next Bits: [0x00000001200c4000, 0x00000001210c4000)

Polling page: 0x00000001041dd000

Metaspace:

Usage:
  Non-class:      8.17 MB capacity,     8.00 MB ( 98%) used,   157.09 KB (  2%) free+waste,    20.75 KB ( <1%) overhead. 
      Class:    957.00 KB capacity,   860.63 KB ( 90%) used,    86.18 KB (  9%) free+waste,    10.19 KB (  1%) overhead. 
       Both:      9.10 MB capacity,     8.84 MB ( 97%) used,   243.27 KB (  3%) free+waste,    30.94 KB ( <1%) overhead. 

Virtual space:
  Non-class space:       10.00 MB reserved,       8.25 MB ( 82%) committed 
      Class space:        1.00 GB reserved,       1.00 MB ( <1%) committed 
             Both:        1.01 GB reserved,       9.25 MB ( <1%) committed 

Chunk freelists:
   Non-Class:  5.75 KB
       Class:  384 bytes
        Both:  6.12 KB

CodeHeap 'non-profiled nmethods': size=120032Kb used=319Kb max_used=319Kb free=119712Kb
 bounds [0x0000000117b8c000, 0x0000000117dfc000, 0x000000011f0c4000]
CodeHeap 'profiled nmethods': size=120032Kb used=1855Kb max_used=1855Kb free=118176Kb
 bounds [0x0000000110654000, 0x00000001108c4000, 0x0000000117b8c000]
CodeHeap 'non-nmethods': size=5696Kb used=1187Kb max_used=1206Kb free=4508Kb
 bounds [0x00000001100c4000, 0x0000000110334000, 0x0000000110654000]
 total_blobs=1451 nmethods=991 adapters=381
 compilation: enabled
              stopped_count=0, restarted_count=0
 full_count=0

Compilation events (10 events):
Event: 40.346 Thread 0x00007fd33d85d000  987       4       edu.wpi.first.hal.ControlWord::update (49 bytes)
Event: 40.347 Thread 0x00007fd33d85d000 nmethod 987 0x0000000117bd8510 code [0x0000000117bd86a0, 0x0000000117bd8738]
Event: 40.365 Thread 0x00007fd33d85d000  988       4       frc.robot.Robot::disabledPeriodic (1 bytes)
Event: 40.366 Thread 0x00007fd33d85d000 nmethod 988 0x0000000117bd8810 code [0x0000000117bd89a0, 0x0000000117bd89f8]
Event: 40.385 Thread 0x00007fd33d85d000  989       4       edu.wpi.first.wpilibj.Watchdog::equals (32 bytes)
Event: 40.388 Thread 0x00007fd33d85d000 nmethod 989 0x0000000117bd8a90 code [0x0000000117bd8c20, 0x0000000117bd8d58]
Event: 42.923 Thread 0x00007fd33d85d000  990   !   4       edu.wpi.first.wpilibj.DriverStation::refreshData (335 bytes)
Event: 43.097 Thread 0x00007fd33d85d000 nmethod 990 0x0000000117bd8e90 code [0x0000000117bd9180, 0x0000000117bdae20]
Event: 43.098 Thread 0x00007fd33d85d000  991       4       edu.wpi.first.wpilibj2.command.Subsystem::simulationPeriodic (1 bytes)
Event: 43.098 Thread 0x00007fd33d85d000 nmethod 991 0x0000000117bdbc10 code [0x0000000117bdbda0, 0x0000000117bdbdf8]

GC Heap History (2 events):
Event: 37.768 GC heap before
{Heap before GC invocations=0 (full 0):
 garbage-first heap   total 65536K, used 14336K [0x00000007c0000000, 0x0000000800000000)
  region size 1024K, 14 young (14336K), 0 survivors (0K)
 Metaspace       used 9047K, capacity 9323K, committed 9472K, reserved 1058816K
  class space    used 860K, capacity 957K, committed 1024K, reserved 1048576K
}
Event: 37.781 GC heap after
{Heap after GC invocations=1 (full 0):
 garbage-first heap   total 65536K, used 1752K [0x00000007c0000000, 0x0000000800000000)
  region size 1024K, 2 young (2048K), 2 survivors (2048K)
 Metaspace       used 9047K, capacity 9323K, committed 9472K, reserved 1058816K
  class space    used 860K, capacity 957K, committed 1024K, reserved 1048576K
}

Deoptimization events (2 events):
Event: 1.252 Thread 0x00007fd33d813800 Uncommon trap: reason=unstable_if action=reinterpret pc=0x0000000117b8fd44 method=java.lang.String.hashCode()I @ 14 c2
Event: 14.498 Thread 0x00007fd33da06000 Uncommon trap: reason=unstable_if action=reinterpret pc=0x0000000117bb0968 method=java.lang.StringLatin1.replace([BCC)Ljava/lang/String; @ 19 c2

Classes redefined (0 events):
No events

Internal exceptions (10 events):
Event: 6.559 Thread 0x00007fd33d813800 Exception <a 'java/lang/NoSuchMethodError'{0x00000007c3cc6380}: java.lang.invoke.DirectMethodHandle$Holder.invokeStatic(Ljava/lang/Object;Ljava/lang/Object;Ljava/lang/Object;Ljava/lang/Object;Ljava/lang/Object;Ljava/lang/Object;Ljava/lang/Object;Ljava/lan
Event: 12.089 Thread 0x00007fd33da06000 Exception <a 'java/lang/NoSuchMethodError'{0x00000007c3a78858}: java.lang.invoke.DirectMethodHandle$Holder.invokeSpecial(Ljava/lang/Object;Ljava/lang/Object;)V> (0x00000007c3a78858) thrown at [open/src/hotspot/share/interpreter/linkResolver.cpp, line 772]
Event: 12.123 Thread 0x00007fd33da06000 Exception <a 'java/lang/NoSuchMethodError'{0x00000007c3a89268}: java.lang.invoke.DirectMethodHandle$Holder.invokeStaticInit(Ljava/lang/Object;)V> (0x00000007c3a89268) thrown at [open/src/hotspot/share/interpreter/linkResolver.cpp, line 772]
Event: 12.202 Thread 0x00007fd33da06000 Exception <a 'java/lang/NoSuchMethodError'{0x00000007c3ae29d8}: java.lang.invoke.DirectMethodHandle$Holder.invokeVirtual(Ljava/lang/Object;Ljava/lang/Object;)V> (0x00000007c3ae29d8) thrown at [open/src/hotspot/share/interpreter/linkResolver.cpp, line 772]
Event: 13.911 Thread 0x00007fd33da06000 Exception <a 'java/lang/NoSuchMethodError'{0x00000007c38a49b0}: java.lang.invoke.DirectMethodHandle$Holder.invokeStatic(Ljava/lang/Object;Ljava/lang/Object;Ljava/lang/Object;Ljava/lang/Object;Ljava/lang/Object;Ljava/lang/Object;Ljava/lang/Object;Ljava/lan
Event: 13.916 Thread 0x00007fd33da06000 Exception <a 'java/lang/NoSuchMethodError'{0x00000007c38b11f0}: java.lang.invoke.DirectMethodHandle$Holder.invokeStatic(Ljava/lang/Object;Ljava/lang/Object;Ljava/lang/Object;Ljava/lang/Object;Ljava/lang/Object;Ljava/lang/Object;Ljava/lang/Object;Ljava/lan
Event: 13.918 Thread 0x00007fd33da06000 Exception <a 'java/lang/NoSuchMethodError'{0x00000007c38bdd98}: java.lang.invoke.DirectMethodHandle$Holder.invokeStatic(Ljava/lang/Object;Ljava/lang/Object;Ljava/lang/Object;Ljava/lang/Object;Ljava/lang/Object;Ljava/lang/Object;Ljava/lang/Object;Ljava/lan
Event: 13.920 Thread 0x00007fd33da06000 Exception <a 'java/lang/NoSuchMethodError'{0x00000007c38cb3d8}: java.lang.invoke.Invokers$Holder.linkToTargetMethod(Ljava/lang/Object;ILjava/lang/Object;)Ljava/lang/Object;> (0x00000007c38cb3d8) thrown at [open/src/hotspot/share/interpreter/linkResolver.c
Event: 13.999 Thread 0x00007fd33da06000 Exception <a 'java/lang/NoSuchMethodError'{0x00000007c373a460}: java.lang.invoke.DirectMethodHandle$Holder.invokeStatic(Ljava/lang/Object;I)V> (0x00000007c373a460) thrown at [open/src/hotspot/share/interpreter/linkResolver.cpp, line 772]
Event: 14.471 Thread 0x00007fd33da06000 Exception <a 'java/lang/NoSuchMethodError'{0x00000007c358f0c0}: java.lang.invoke.DirectMethodHandle$Holder.invokeInterface(Ljava/lang/Object;Ljava/lang/Object;)V> (0x00000007c358f0c0) thrown at [open/src/hotspot/share/interpreter/linkResolver.cpp, line 77

Events (10 events):
Event: 37.789 Executing VM operation: RevokeBias done
Event: 37.789 Executing VM operation: RevokeBias
Event: 37.789 Executing VM operation: RevokeBias done
Event: 37.789 Executing VM operation: RevokeBias
Event: 37.789 Executing VM operation: RevokeBias done
Event: 37.789 Executing VM operation: RevokeBias
Event: 37.789 Executing VM operation: RevokeBias done
Event: 37.789 Executing VM operation: BulkRevokeBias
Event: 37.789 Executing VM operation: BulkRevokeBias done
Event: 43.694 Thread 0x00007fd33c91c000 Thread exited: 0x00007fd33c91c000


Dynamic libraries:
0x00000001041e0000 	/Library/Java/JavaVirtualMachines/jdk-11.jdk/Contents/Home/lib/jli/libjli.dylib
0x00007ff82422a000 	/System/Library/Frameworks/Cocoa.framework/Versions/A/Cocoa
0x00007ff80fe72000 	/System/Library/Frameworks/AppKit.framework/Versions/C/AppKit
0x00007ff813387000 	/System/Library/Frameworks/CoreData.framework/Versions/A/CoreData
0x00007ff80e275000 	/System/Library/Frameworks/Foundation.framework/Versions/C/Foundation
0x00007ff8181a9000 	/usr/lib/libSystem.B.dylib
0x00007ff810d02000 	/System/Library/PrivateFrameworks/UIFoundation.framework/Versions/A/UIFoundation
0x00007ff81e120000 	/System/Library/PrivateFrameworks/RemoteViewServices.framework/Versions/A/RemoteViewServices
0x00007ff8163fd000 	/System/Library/PrivateFrameworks/XCTTargetBootstrap.framework/Versions/A/XCTTargetBootstrap
0x00007ff819fb6000 	/System/Library/PrivateFrameworks/InternationalSupport.framework/Versions/A/InternationalSupport
0x00007ff81a040000 	/System/Library/PrivateFrameworks/UserActivity.framework/Versions/A/UserActivity
0x00007ff819392000 	/usr/lib/libspindump.dylib
0x00007ff810f91000 	/System/Library/Frameworks/UniformTypeIdentifiers.framework/Versions/A/UniformTypeIdentifiers
0x00007ff814b22000 	/usr/lib/libapp_launch_measurement.dylib
0x00007ff813d59000 	/System/Library/PrivateFrameworks/CoreAnalytics.framework/Versions/A/CoreAnalytics
0x00007ff814b25000 	/System/Library/PrivateFrameworks/CoreAutoLayout.framework/Versions/A/CoreAutoLayout
0x00007ff815d55000 	/System/Library/Frameworks/Metal.framework/Versions/A/Metal
0x00007ff816a83000 	/usr/lib/liblangid.dylib
0x00007ff816402000 	/System/Library/PrivateFrameworks/CoreSVG.framework/Versions/A/CoreSVG
0x00007ff81237b000 	/System/Library/PrivateFrameworks/SkyLight.framework/Versions/A/SkyLight
0x00007ff81271a000 	/System/Library/Frameworks/CoreGraphics.framework/Versions/A/CoreGraphics
0x00007ff81e7e0000 	/System/Library/Frameworks/Accelerate.framework/Versions/A/Accelerate
0x00007ff818e11000 	/System/Library/PrivateFrameworks/IconServices.framework/Versions/A/IconServices
0x00007ff815d3a000 	/System/Library/Frameworks/IOSurface.framework/Versions/A/IOSurface
0x00007ff813d87000 	/usr/lib/libDiagnosticMessagesClient.dylib
0x00007ff8180c9000 	/usr/lib/libz.1.dylib
0x00007ff821ece000 	/System/Library/Frameworks/ApplicationServices.framework/Versions/A/ApplicationServices
0x00007ff8163e9000 	/System/Library/PrivateFrameworks/DFRFoundation.framework/Versions/A/DFRFoundation
0x00007ff80f75a000 	/usr/lib/libicucore.A.dylib
0x00007ff81adac000 	/System/Library/Frameworks/AudioToolbox.framework/Versions/A/AudioToolbox
0x00007ff819fc2000 	/System/Library/PrivateFrameworks/DataDetectorsCore.framework/Versions/A/DataDetectorsCore
0x00007ff9164c2000 	/System/Library/PrivateFrameworks/TextInput.framework/Versions/A/TextInput
0x00007ff8122fe000 	/usr/lib/libMobileGestalt.dylib
0x00007ff8160f5000 	/System/Library/Frameworks/Carbon.framework/Versions/A/Frameworks/HIToolbox.framework/Versions/A/HIToolbox
0x00007ff814524000 	/System/Library/Frameworks/QuartzCore.framework/Versions/A/QuartzCore
0x00007ff80f3ff000 	/System/Library/Frameworks/Security.framework/Versions/A/Security
0x00007ff81e158000 	/System/Library/Frameworks/Carbon.framework/Versions/A/Frameworks/SpeechRecognition.framework/Versions/A/SpeechRecognition
0x00007ff814882000 	/System/Library/PrivateFrameworks/CoreUI.framework/Versions/A/CoreUI
0x00007ff80ecc9000 	/System/Library/Frameworks/CoreAudio.framework/Versions/A/CoreAudio
0x00007ff813e76000 	/System/Library/Frameworks/DiskArbitration.framework/Versions/A/DiskArbitration
0x00007ff819782000 	/System/Library/PrivateFrameworks/MultitouchSupport.framework/Versions/A/MultitouchSupport
0x00007ff8122fd000 	/usr/lib/libenergytrace.dylib
0x00007ff80fd5e000 	/System/Library/Frameworks/IOKit.framework/Versions/A/IOKit
0x00007ff81e548000 	/System/Library/Frameworks/CoreServices.framework/Versions/A/CoreServices
0x00007ff814abc000 	/System/Library/PrivateFrameworks/PerformanceAnalysis.framework/Versions/A/PerformanceAnalysis
0x00007ffa2619b000 	/System/Library/Frameworks/OpenGL.framework/Versions/A/OpenGL
0x00007ff8176e5000 	/System/Library/PrivateFrameworks/MobileKeyBag.framework/Versions/A/MobileKeyBag
0x00007ff80d23d000 	/usr/lib/libobjc.A.dylib
0x00007ff812de6000 	/System/Library/Frameworks/ColorSync.framework/Versions/A/ColorSync
0x00007ff80d3f8000 	/System/Library/Frameworks/CoreFoundation.framework/Versions/A/CoreFoundation
0x00007ff816679000 	/System/Library/Frameworks/CoreImage.framework/Versions/A/CoreImage
0x00007ff80eadd000 	/System/Library/Frameworks/CoreText.framework/Versions/A/CoreText
0x00007ff816432000 	/System/Library/Frameworks/ImageIO.framework/Versions/A/ImageIO
0x00007ff8181af000 	/System/Library/PrivateFrameworks/SoftLinking.framework/Versions/A/SoftLinking
0x00007ff814b6d000 	/usr/lib/libxml2.2.dylib
0x00007ff80d304000 	/usr/lib/libc++.1.dylib
0x00007ff818434000 	/usr/lib/libcompression.dylib
0x00007ff819ee9000 	/System/Library/PrivateFrameworks/TextureIO.framework/Versions/A/TextureIO
0x00007ff818b22000 	/usr/lib/libate.dylib
0x00007ff8181a4000 	/usr/lib/system/libcache.dylib
0x00007ff818160000 	/usr/lib/system/libcommonCrypto.dylib
0x00007ff818189000 	/usr/lib/system/libcompiler_rt.dylib
0x00007ff81817f000 	/usr/lib/system/libcopyfile.dylib
0x00007ff80d138000 	/usr/lib/system/libcorecrypto.dylib
0x00007ff80d1f6000 	/usr/lib/system/libdispatch.dylib
0x00007ff80d3b7000 	/usr/lib/system/libdyld.dylib
0x00007ff81819b000 	/usr/lib/system/libkeymgr.dylib
0x00007ff81813e000 	/usr/lib/system/libmacho.dylib
0x00007ff8177bf000 	/usr/lib/system/libquarantine.dylib
0x00007ff818199000 	/usr/lib/system/libremovefile.dylib
0x00007ff81234b000 	/usr/lib/system/libsystem_asl.dylib
0x00007ff80d0e1000 	/usr/lib/system/libsystem_blocks.dylib
0x00007ff80d27b000 	/usr/lib/system/libsystem_c.dylib
0x00007ff818191000 	/usr/lib/system/libsystem_collections.dylib
0x00007ff816a73000 	/usr/lib/system/libsystem_configuration.dylib
0x00007ff815d1d000 	/usr/lib/system/libsystem_containermanager.dylib
0x00007ff817e76000 	/usr/lib/system/libsystem_coreservices.dylib
0x00007ff80f9ee000 	/usr/lib/system/libsystem_darwin.dylib
0x00007ff81819c000 	/usr/lib/system/libsystem_dnssd.dylib
0x00007ff80d278000 	/usr/lib/system/libsystem_featureflags.dylib
0x00007ff80d3cd000 	/usr/lib/system/libsystem_info.dylib
0x00007ff8180dc000 	/usr/lib/system/libsystem_m.dylib
0x00007ff80d1ca000 	/usr/lib/system/libsystem_malloc.dylib
0x00007ff8122e6000 	/usr/lib/system/libsystem_networkextension.dylib
0x00007ff80fe14000 	/usr/lib/system/libsystem_notify.dylib
0x00007ff81e41d000 	/usr/lib/system/libsystem_product_info_filter.dylib
0x00007ff816a77000 	/usr/lib/system/libsystem_sandbox.dylib
0x00007ff818196000 	/usr/lib/system/libsystem_secinit.dylib
0x00007ff80d373000 	/usr/lib/system/libsystem_kernel.dylib
0x00007ff80d3c3000 	/usr/lib/system/libsystem_platform.dylib
0x00007ff80d3ab000 	/usr/lib/system/libsystem_pthread.dylib
0x00007ff813b99000 	/usr/lib/system/libsystem_symptoms.dylib
0x00007ff80d11f000 	/usr/lib/system/libsystem_trace.dylib
0x00007ff81816c000 	/usr/lib/system/libunwind.dylib
0x00007ff80d0e3000 	/usr/lib/system/libxpc.dylib
0x00007ff80d35d000 	/usr/lib/libc++abi.dylib
0x00007ff818177000 	/usr/lib/liboah.dylib
0x00007ff8188fe000 	/usr/lib/liblzma.5.dylib
0x00007ff80df87000 	/System/Library/Frameworks/SystemConfiguration.framework/Versions/A/SystemConfiguration
0x00007ff8181ab000 	/usr/lib/libfakelink.dylib
0x00007ff811e58000 	/System/Library/Frameworks/CFNetwork.framework/Versions/A/CFNetwork
0x00007ff8182ec000 	/usr/lib/libarchive.2.dylib
0x00007ff816a7f000 	/System/Library/PrivateFrameworks/AppleSystemInfo.framework/Versions/A/AppleSystemInfo
0x00007ff8177e6000 	/usr/lib/libbsm.0.dylib
0x00007ff811467000 	/usr/lib/libnetwork.dylib
0x00007ff818144000 	/usr/lib/system/libkxld.dylib
0x00007ff817419000 	/System/Library/PrivateFrameworks/IOMobileFramebuffer.framework/Versions/A/IOMobileFramebuffer
0x00007ffb25b7c000 	/usr/lib/libCoreEntitlements.dylib
0x00007ff817e58000 	/System/Library/PrivateFrameworks/AppleFSCompression.framework/Versions/A/AppleFSCompression
0x00007ff8177ce000 	/usr/lib/libcoretls.dylib
0x00007ff818918000 	/usr/lib/libcoretls_cfhelpers.dylib
0x00007ff81842e000 	/usr/lib/libpam.2.dylib
0x00007ff8137b8000 	/usr/lib/libsqlite3.dylib
0x00007ff818987000 	/usr/lib/libxar.1.dylib
0x00007ff817e68000 	/usr/lib/libbz2.1.0.dylib
0x00007ff8181b0000 	/usr/lib/libpcap.A.dylib
0x00007ff813b91000 	/usr/lib/libdns_services.dylib
0x00007ff8183fe000 	/usr/lib/libapple_nghttp2.dylib
0x00007ff8181ea000 	/usr/lib/libiconv.2.dylib
0x00007ff81813d000 	/usr/lib/libcharset.1.dylib
0x00007ff814af0000 	/System/Library/Frameworks/CoreServices.framework/Versions/A/Frameworks/FSEvents.framework/Versions/A/FSEvents
0x00007ff80f9f8000 	/System/Library/Frameworks/CoreServices.framework/Versions/A/Frameworks/CarbonCore.framework/Versions/A/CarbonCore
0x00007ff813dda000 	/System/Library/Frameworks/CoreServices.framework/Versions/A/Frameworks/Metadata.framework/Versions/A/Metadata
0x00007ff817e7b000 	/System/Library/Frameworks/CoreServices.framework/Versions/A/Frameworks/OSServices.framework/Versions/A/OSServices
0x00007ff818373000 	/System/Library/Frameworks/CoreServices.framework/Versions/A/Frameworks/SearchKit.framework/Versions/A/SearchKit
0x00007ff813b23000 	/System/Library/Frameworks/CoreServices.framework/Versions/A/Frameworks/AE.framework/Versions/A/AE
0x00007ff80d8fb000 	/System/Library/Frameworks/CoreServices.framework/Versions/A/Frameworks/LaunchServices.framework/Versions/A/LaunchServices
0x00007ff8188af000 	/System/Library/Frameworks/CoreServices.framework/Versions/A/Frameworks/DictionaryServices.framework/Versions/A/DictionaryServices
0x00007ff814afd000 	/System/Library/Frameworks/CoreServices.framework/Versions/A/Frameworks/SharedFileList.framework/Versions/A/SharedFileList
0x00007ff8177c2000 	/usr/lib/libCheckFix.dylib
0x00007ff812362000 	/System/Library/PrivateFrameworks/TCC.framework/Versions/A/TCC
0x00007ff816a85000 	/System/Library/PrivateFrameworks/CoreNLP.framework/Versions/A/CoreNLP
0x00007ff813d8a000 	/System/Library/PrivateFrameworks/MetadataUtilities.framework/Versions/A/MetadataUtilities
0x00007ff80e038000 	/usr/lib/libmecabra.dylib
0x00007ff8177f6000 	/usr/lib/libmecab.dylib
0x00007ff80e003000 	/usr/lib/libCRFSuite.dylib
0x00007ff817850000 	/usr/lib/libgermantok.dylib
0x00007ff8183d9000 	/usr/lib/libThaiTokenizer.dylib
0x00007ff813e7d000 	/System/Library/Frameworks/Accelerate.framework/Versions/A/Frameworks/vImage.framework/Versions/A/vImage
0x00007ff81e51f000 	/System/Library/Frameworks/Accelerate.framework/Versions/A/Frameworks/vecLib.framework/Versions/A/vecLib
0x00007ff8189c8000 	/System/Library/Frameworks/Accelerate.framework/Versions/A/Frameworks/vecLib.framework/Versions/A/libvMisc.dylib
0x00007ff817244000 	/System/Library/Frameworks/Accelerate.framework/Versions/A/Frameworks/vecLib.framework/Versions/A/libvDSP.dylib
0x00007ff80dc77000 	/System/Library/Frameworks/Accelerate.framework/Versions/A/Frameworks/vecLib.framework/Versions/A/libBLAS.dylib
0x00007ff818511000 	/System/Library/Frameworks/Accelerate.framework/Versions/A/Frameworks/vecLib.framework/Versions/A/libLAPACK.dylib
0x00007ff817853000 	/System/Library/Frameworks/Accelerate.framework/Versions/A/Frameworks/vecLib.framework/Versions/A/libLinearAlgebra.dylib
0x00007ff818416000 	/System/Library/Frameworks/Accelerate.framework/Versions/A/Frameworks/vecLib.framework/Versions/A/libSparseBLAS.dylib
0x00007ff81850b000 	/System/Library/Frameworks/Accelerate.framework/Versions/A/Frameworks/vecLib.framework/Versions/A/libQuadrature.dylib
0x00007ff816b70000 	/System/Library/Frameworks/Accelerate.framework/Versions/A/Frameworks/vecLib.framework/Versions/A/libBNNS.dylib
0x00007ff80df11000 	/System/Library/Frameworks/Accelerate.framework/Versions/A/Frameworks/vecLib.framework/Versions/A/libSparse.dylib
0x00007ff816b69000 	/System/Library/PrivateFrameworks/LinguisticData.framework/Versions/A/LinguisticData
0x00007ff80dec7000 	/System/Library/PrivateFrameworks/Lexicon.framework/Versions/A/Lexicon
0x00007ff8189c1000 	/usr/lib/libChineseTokenizer.dylib
0x00007ff80e632000 	/System/Library/PrivateFrameworks/LanguageModeling.framework/Versions/A/LanguageModeling
0x00007ff8183db000 	/System/Library/PrivateFrameworks/AppleSauce.framework/Versions/A/AppleSauce
0x00007ff817407000 	/System/Library/PrivateFrameworks/CoreEmoji.framework/Versions/A/CoreEmoji
0x00007ff8182db000 	/usr/lib/libcmph.dylib
0x00007ff814ad4000 	/System/Library/Frameworks/OpenDirectory.framework/Versions/A/Frameworks/CFOpenDirectory.framework/Versions/A/CFOpenDirectory
0x00007ff814ac8000 	/System/Library/Frameworks/OpenDirectory.framework/Versions/A/OpenDirectory
0x00007ff81891a000 	/System/Library/PrivateFrameworks/APFS.framework/Versions/A/APFS
0x00007ff81771d000 	/System/Library/Frameworks/SecurityFoundation.framework/Versions/A/SecurityFoundation
0x00007ff818995000 	/usr/lib/libutil.dylib
0x00007ff80fd22000 	/System/Library/PrivateFrameworks/CoreServicesStore.framework/Versions/A/CoreServicesStore
0x00007ff818999000 	/usr/lib/libxslt.1.dylib
0x00007ff8177aa000 	/System/Library/PrivateFrameworks/BackgroundTaskManagement.framework/Versions/A/BackgroundTaskManagement
0x00007ff819e09000 	/System/Library/Frameworks/ImageIO.framework/Versions/A/Resources/libRadiance.dylib
0x00007ff819e12000 	/System/Library/Frameworks/ImageIO.framework/Versions/A/Resources/libJPEG.dylib
0x00007ff819d61000 	/System/Library/Frameworks/ImageIO.framework/Versions/A/Resources/libPng.dylib
0x00007ff819d82000 	/System/Library/Frameworks/ImageIO.framework/Versions/A/Resources/libTIFF.dylib
0x00007ff819e72000 	/System/Library/Frameworks/ImageIO.framework/Versions/A/Resources/libGIF.dylib
0x00007ff81969c000 	/System/Library/Frameworks/ImageIO.framework/Versions/A/Resources/libJP2.dylib
0x00007ff818dd7000 	/usr/lib/libexpat.1.dylib
0x00007ff819651000 	/System/Library/PrivateFrameworks/AppleJPEG.framework/Versions/A/AppleJPEG
0x00007ff815fba000 	/System/Library/PrivateFrameworks/FontServices.framework/libFontParser.dylib
0x00007ff813acd000 	/System/Library/PrivateFrameworks/RunningBoardServices.framework/Versions/A/RunningBoardServices
0x00007ff8247e5000 	/System/Library/PrivateFrameworks/IOSurfaceAccelerator.framework/Versions/A/IOSurfaceAccelerator
0x00007ff81977e000 	/System/Library/PrivateFrameworks/WatchdogClient.framework/Versions/A/WatchdogClient
0x00007ff80e720000 	/System/Library/Frameworks/CoreDisplay.framework/Versions/A/CoreDisplay
0x00007ff815eb8000 	/System/Library/Frameworks/CoreMedia.framework/Versions/A/CoreMedia
0x00007ff815d4c000 	/System/Library/PrivateFrameworks/IOAccelerator.framework/Versions/A/IOAccelerator
0x00007ff814c51000 	/System/Library/Frameworks/CoreVideo.framework/Versions/A/CoreVideo
0x00007ff81842c000 	/System/Library/Frameworks/MetalPerformanceShaders.framework/Versions/A/MetalPerformanceShaders
0x00007ff8197bb000 	/System/Library/Frameworks/VideoToolbox.framework/Versions/A/VideoToolbox
0x00007ff813a17000 	/System/Library/PrivateFrameworks/BaseBoard.framework/Versions/A/BaseBoard
0x00007ff81379e000 	/System/Library/PrivateFrameworks/ProtocolBuffer.framework/Versions/A/ProtocolBuffer
0x00007ff819e02000 	/System/Library/PrivateFrameworks/GPUWrangler.framework/Versions/A/GPUWrangler
0x00007ff819de6000 	/System/Library/PrivateFrameworks/IOPresentment.framework/Versions/A/IOPresentment
0x00007ff819e0c000 	/System/Library/PrivateFrameworks/DSExternalDisplay.framework/Versions/A/DSExternalDisplay
0x00007ffa2618f000 	/System/Library/Frameworks/OpenGL.framework/Versions/A/Libraries/libCoreFSCache.dylib
0x00007ffb13267000 	/System/Library/PrivateFrameworks/GPUCompiler.framework/Versions/31001/Libraries/libGPUCompilerUtils.dylib
0x00007ff819e77000 	/System/Library/PrivateFrameworks/CMCaptureCore.framework/Versions/A/CMCaptureCore
0x00007ff819380000 	/System/Library/PrivateFrameworks/AppServerSupport.framework/Versions/A/AppServerSupport
0x00007ff81b645000 	/System/Library/PrivateFrameworks/perfdata.framework/Versions/A/perfdata
0x00007ff80e84c000 	/System/Library/PrivateFrameworks/AudioToolboxCore.framework/Versions/A/AudioToolboxCore
0x00007ff815e96000 	/System/Library/PrivateFrameworks/caulk.framework/Versions/A/caulk
0x00007ff81af57000 	/usr/lib/libAudioStatistics.dylib
0x00007ff912c4c000 	/System/Library/PrivateFrameworks/SystemPolicy.framework/Versions/A/SystemPolicy
0x00007ff81b1b2000 	/usr/lib/libSMC.dylib
0x00007ff8240dd000 	/System/Library/Frameworks/CoreMIDI.framework/Versions/A/CoreMIDI
0x00007ff819d30000 	/usr/lib/libAudioToolboxUtility.dylib
0x00007ff90ee74000 	/System/Library/PrivateFrameworks/OSAServicesClient.framework/Versions/A/OSAServicesClient
0x00007ff81b652000 	/usr/lib/libperfcheck.dylib
0x00007ff9136fd000 	/usr/lib/libmis.dylib
0x00007ffa261ea000 	/System/Library/Frameworks/OpenGL.framework/Versions/A/Libraries/libGLU.dylib
0x00007ffa261ae000 	/System/Library/Frameworks/OpenGL.framework/Versions/A/Libraries/libGFXShared.dylib
0x00007ffa263b7000 	/System/Library/Frameworks/OpenGL.framework/Versions/A/Libraries/libGL.dylib
0x00007ffa261b7000 	/System/Library/Frameworks/OpenGL.framework/Versions/A/Libraries/libGLImage.dylib
0x00007ffa261ab000 	/System/Library/Frameworks/OpenGL.framework/Versions/A/Libraries/libCVMSPluginSupport.dylib
0x00007ffa26196000 	/System/Library/Frameworks/OpenGL.framework/Versions/A/Libraries/libCoreVMClient.dylib
0x00007ff816a01000 	/System/Library/Frameworks/MetalPerformanceShaders.framework/Versions/A/Frameworks/MPSCore.framework/Versions/A/MPSCore
0x00007ff817dc3000 	/System/Library/Frameworks/MetalPerformanceShaders.framework/Versions/A/Frameworks/MPSImage.framework/Versions/A/MPSImage
0x00007ff817869000 	/System/Library/Frameworks/MetalPerformanceShaders.framework/Versions/A/Frameworks/MPSNeuralNetwork.framework/Versions/A/MPSNeuralNetwork
0x00007ff817cdd000 	/System/Library/Frameworks/MetalPerformanceShaders.framework/Versions/A/Frameworks/MPSMatrix.framework/Versions/A/MPSMatrix
0x00007ff817a98000 	/System/Library/Frameworks/MetalPerformanceShaders.framework/Versions/A/Frameworks/MPSRayIntersector.framework/Versions/A/MPSRayIntersector
0x00007ff817d15000 	/System/Library/Frameworks/MetalPerformanceShaders.framework/Versions/A/Frameworks/MPSNDArray.framework/Versions/A/MPSNDArray
0x00007ffa2bc6f000 	/System/Library/Frameworks/MetalPerformanceShaders.framework/Versions/A/Frameworks/MPSFunctions.framework/Versions/A/MPSFunctions
0x00007ff80db53000 	/System/Library/PrivateFrameworks/MetalTools.framework/Versions/A/MetalTools
0x00007ff816a7d000 	/System/Library/PrivateFrameworks/AggregateDictionary.framework/Versions/A/AggregateDictionary
0x00007ff818bb9000 	/usr/lib/libIOReport.dylib
0x00007ffa277c6000 	/System/Library/Frameworks/OpenCL.framework/Versions/A/OpenCL
0x00007ff818f1e000 	/System/Library/PrivateFrameworks/FaceCore.framework/Versions/A/FaceCore
0x00007ff818f0f000 	/System/Library/PrivateFrameworks/GraphVisualizer.framework/Versions/A/GraphVisualizer
0x00007ffb13172000 	/System/Library/PrivateFrameworks/FontServices.framework/Versions/A/FontServices
0x00007ff819338000 	/System/Library/PrivateFrameworks/OTSVG.framework/Versions/A/OTSVG
0x00007ff814837000 	/System/Library/Frameworks/ApplicationServices.framework/Versions/A/Frameworks/ATS.framework/Versions/A/Resources/libFontRegistry.dylib
0x00007ff819388000 	/System/Library/PrivateFrameworks/FontServices.framework/libhvf.dylib
0x00007ffb13173000 	/System/Library/PrivateFrameworks/FontServices.framework/libXTFontStaticRegistryData.dylib
0x00007ff818d87000 	/System/Library/PrivateFrameworks/AppleVA.framework/Versions/A/AppleVA
0x00007ff81af77000 	/System/Library/Frameworks/ApplicationServices.framework/Versions/A/Frameworks/ATS.framework/Versions/A/ATS
0x00007ff812ee4000 	/System/Library/Frameworks/ApplicationServices.framework/Versions/A/Frameworks/HIServices.framework/Versions/A/HIServices
0x00007ff819e81000 	/System/Library/Frameworks/ApplicationServices.framework/Versions/A/Frameworks/PrintCore.framework/Versions/A/PrintCore
0x00007ff81b305000 	/System/Library/Frameworks/ApplicationServices.framework/Versions/A/Frameworks/QD.framework/Versions/A/QD
0x00007ff81b2fd000 	/System/Library/Frameworks/ApplicationServices.framework/Versions/A/Frameworks/ColorSyncLegacy.framework/Versions/A/ColorSyncLegacy
0x00007ff81af67000 	/System/Library/Frameworks/ApplicationServices.framework/Versions/A/Frameworks/SpeechSynthesis.framework/Versions/A/SpeechSynthesis
0x00007ff819e42000 	/System/Library/Frameworks/ApplicationServices.framework/Versions/A/Frameworks/ATSUI.framework/Versions/A/ATSUI
0x00007ff81b292000 	/usr/lib/libcups.2.dylib
0x00007ff81b661000 	/System/Library/Frameworks/Kerberos.framework/Versions/A/Kerberos
0x00007ff81b670000 	/System/Library/Frameworks/GSS.framework/Versions/A/GSS
0x00007ff81afe3000 	/usr/lib/libresolv.9.dylib
0x00007ff819397000 	/System/Library/PrivateFrameworks/Heimdal.framework/Versions/A/Heimdal
0x00007ff822260000 	/System/Library/Frameworks/Kerberos.framework/Versions/A/Libraries/libHeimdalProxy.dylib
0x00007ff813ba1000 	/System/Library/Frameworks/Network.framework/Versions/A/Network
0x00007ff818df2000 	/usr/lib/libheimdal-asn1.dylib
0x00007ff81b6bb000 	/System/Library/PrivateFrameworks/CommonAuth.framework/Versions/A/CommonAuth
0x00007ff81aee9000 	/System/Library/PrivateFrameworks/AudioSession.framework/Versions/A/AudioSession
0x00007ff818e82000 	/System/Library/PrivateFrameworks/MediaExperience.framework/Versions/A/MediaExperience
0x00007ff81ad7b000 	/System/Library/PrivateFrameworks/AudioSession.framework/libSessionUtility.dylib
0x00007ff81b311000 	/System/Library/PrivateFrameworks/AudioResourceArbitration.framework/Versions/A/AudioResourceArbitration
0x00007ff81f392000 	/System/Library/PrivateFrameworks/PowerLog.framework/Versions/A/PowerLog
0x00007ff818dfb000 	/System/Library/PrivateFrameworks/IconFoundation.framework/Versions/A/IconFoundation
0x00007ff81e148000 	/System/Library/PrivateFrameworks/SpeechRecognitionCore.framework/Versions/A/SpeechRecognitionCore
0x000000010756f000 	/Library/Java/JavaVirtualMachines/jdk-11.jdk/Contents/Home/lib/server/libjvm.dylib
0x000000010420e000 	/Library/Java/JavaVirtualMachines/jdk-11.jdk/Contents/Home/lib/libverify.dylib
0x0000000104251000 	/Library/Java/JavaVirtualMachines/jdk-11.jdk/Contents/Home/lib/libjava.dylib
0x0000000104222000 	/Library/Java/JavaVirtualMachines/jdk-11.jdk/Contents/Home/lib/libjimage.dylib
0x00000001042c3000 	/Library/Java/JavaVirtualMachines/jdk-11.jdk/Contents/Home/lib/libjdwp.dylib
0x0000000104241000 	/Library/Java/JavaVirtualMachines/jdk-11.jdk/Contents/Home/lib/libzip.dylib
0x000000010471a000 	/Library/Java/JavaVirtualMachines/jdk-11.jdk/Contents/Home/lib/libdt_socket.dylib
0x0000000104741000 	/Library/Java/JavaVirtualMachines/jdk-11.jdk/Contents/Home/lib/libnio.dylib
0x0000000104778000 	/Library/Java/JavaVirtualMachines/jdk-11.jdk/Contents/Home/lib/libnet.dylib
0x000000010f9f9000 	/Users/aidanlynch/Documents/MAXSwerve for MK4i/build/jni/release/libwpiHaljni.dylib
0x0000000107400000 	/Users/aidanlynch/Documents/MAXSwerve for MK4i/build/jni/release/libwpiHal.dylib
0x000000010fd29000 	/Users/aidanlynch/Documents/MAXSwerve for MK4i/build/jni/release/libwpiutil.dylib
0x00007ff912a64000 	/System/Library/Frameworks/AVFoundation.framework/Versions/A/AVFoundation
0x00007ffa2a886000 	/System/Library/Frameworks/AVFAudio.framework/Versions/A/AVFAudio
0x00007ff81ffb6000 	/System/Library/PrivateFrameworks/AVFCore.framework/Versions/A/AVFCore
0x00007ff82723c000 	/System/Library/PrivateFrameworks/AVFCapture.framework/Versions/A/AVFCapture
0x00007ff81c360000 	/System/Library/Frameworks/IOBluetooth.framework/Versions/A/IOBluetooth
0x00007ff81f2eb000 	/System/Library/Frameworks/CoreBluetooth.framework/Versions/A/CoreBluetooth
0x00007ff8222e5000 	/System/Library/Frameworks/AudioUnit.framework/Versions/A/AudioUnit
0x00007ff8174fd000 	/System/Library/PrivateFrameworks/CoreUtils.framework/Versions/A/CoreUtils
0x00007ffb123d5000 	/System/Library/PrivateFrameworks/CoreUtilsExtras.framework/Versions/A/CoreUtilsExtras
0x00007ff9116d7000 	/System/Library/PrivateFrameworks/AirPlaySync.framework/Versions/A/AirPlaySync
0x00007ff81a0ab000 	/System/Library/Frameworks/MediaToolbox.framework/Versions/A/MediaToolbox
0x00007ff81f953000 	/System/Library/PrivateFrameworks/CoreAVCHD.framework/Versions/A/CoreAVCHD
0x00007ff81e828000 	/System/Library/Frameworks/MediaAccessibility.framework/Versions/A/MediaAccessibility
0x00007ff81f94f000 	/System/Library/PrivateFrameworks/Mangrove.framework/Versions/A/Mangrove
0x00007ff81770c000 	/System/Library/PrivateFrameworks/AssertionServices.framework/Versions/A/AssertionServices
0x00007ff81e833000 	/System/Library/PrivateFrameworks/AlgosScoreFramework.framework/Versions/A/AlgosScoreFramework
0x00007ffb0f6c9000 	/System/Library/PrivateFrameworks/CMPhoto.framework/Versions/A/CMPhoto
0x00007ff8204a8000 	/System/Library/PrivateFrameworks/AppleVPA.framework/Versions/A/AppleVPA
0x00007ff81f594000 	/System/Library/PrivateFrameworks/CoreAUC.framework/Versions/A/CoreAUC
0x00007ffb0f6b2000 	/System/Library/PrivateFrameworks/CMImaging.framework/Versions/A/CMImaging
0x00007ff82738e000 	/System/Library/PrivateFrameworks/Quagga.framework/Versions/A/Quagga
0x00007ff90d0e1000 	/System/Library/PrivateFrameworks/CMCapture.framework/Versions/A/CMCapture
0x00007ff81b0d2000 	/System/Library/Frameworks/CoreMediaIO.framework/Versions/A/CoreMediaIO
0x00007ff82240d000 	/System/Library/PrivateFrameworks/Espresso.framework/Versions/A/Espresso
0x00007ff821cd6000 	/System/Library/PrivateFrameworks/AppSupport.framework/Versions/A/AppSupport
0x00007ffa18e01000 	/System/Library/PrivateFrameworks/ANECompiler.framework/Versions/A/ANECompiler
0x00007ff82405d000 	/System/Library/PrivateFrameworks/AppleNeuralEngine.framework/Versions/A/AppleNeuralEngine
0x00007ffb15c8f000 	/System/Library/PrivateFrameworks/MIL.framework/Versions/A/MIL
0x00007ffa2bc82000 	/System/Library/Frameworks/MetalPerformanceShadersGraph.framework/Versions/A/MetalPerformanceShadersGraph
0x00007ff822fac000 	/System/Library/PrivateFrameworks/ANEServices.framework/Versions/A/ANEServices
0x00007ff81b74c000 	/System/Library/PrivateFrameworks/CorePhoneNumbers.framework/Versions/A/CorePhoneNumbers
0x00007ff80fe23000 	/usr/lib/libsandbox.1.dylib
0x00007ff818cf7000 	/usr/lib/libMatch.1.dylib
0x00007ff9174c8000 	/usr/lib/libncurses.5.4.dylib
0x00007ff82195b000 	/System/Library/PrivateFrameworks/BackBoardServices.framework/Versions/A/BackBoardServices
0x00007ff8201a6000 	/System/Library/PrivateFrameworks/FrontBoardServices.framework/Versions/A/FrontBoardServices
0x00007ff820237000 	/System/Library/PrivateFrameworks/BoardServices.framework/Versions/A/BoardServices
0x0000000125a30000 	/Users/aidanlynch/Documents/MAXSwerve for MK4i/build/jni/release/libhalsim_gui.dylib
0x00000001260c4000 	/Users/aidanlynch/Documents/MAXSwerve for MK4i/build/jni/release/libwpimath.dylib
0x000000010fa91000 	/Users/aidanlynch/Documents/MAXSwerve for MK4i/build/jni/release/libntcore.dylib
0x00000001251aa000 	/Users/aidanlynch/Documents/MAXSwerve for MK4i/build/jni/release/libwpinet.dylib
0x00007ff81c4ef000 	/System/Library/Frameworks/MetalKit.framework/Versions/A/MetalKit
0x00007ff80fce4000 	/System/Library/PrivateFrameworks/CoreServicesInternal.framework/Versions/A/CoreServicesInternal
0x00007ff81f983000 	/System/Library/Frameworks/FileProvider.framework/Versions/A/FileProvider
0x00007ff813984000 	/System/Library/Frameworks/Accounts.framework/Versions/A/Accounts
0x00007ff81fafc000 	/System/Library/PrivateFrameworks/GenerationalStorage.framework/Versions/A/GenerationalStorage
0x00007ff82060d000 	/System/Library/PrivateFrameworks/CoreSymbolication.framework/Versions/A/CoreSymbolication
0x00007ff81f387000 	/System/Library/PrivateFrameworks/SymptomDiagnosticReporter.framework/Versions/A/SymptomDiagnosticReporter
0x00007ff810fa5000 	/System/Library/PrivateFrameworks/DesktopServicesPriv.framework/Versions/A/DesktopServicesPriv
0x00007ff814cd0000 	/System/Library/PrivateFrameworks/UserManagement.framework/Versions/A/UserManagement
0x00007ff8205d2000 	/System/Library/PrivateFrameworks/DebugSymbols.framework/Versions/A/DebugSymbols
0x00007ff81b2f2000 	/System/Library/PrivateFrameworks/NetAuth.framework/Versions/A/NetAuth
0x00007ff81c201000 	/System/Library/PrivateFrameworks/Sharing.framework/Versions/A/Sharing
0x00007ff814ca3000 	/System/Library/PrivateFrameworks/login.framework/Versions/A/Frameworks/loginsupport.framework/Versions/A/loginsupport
0x00007ff821770000 	/System/Library/PrivateFrameworks/Apple80211.framework/Versions/A/Apple80211
0x00007ff817ea8000 	/System/Library/PrivateFrameworks/AuthKit.framework/Versions/A/AuthKit
0x00007ff817424000 	/System/Library/Frameworks/CoreWLAN.framework/Versions/A/CoreWLAN
0x00007ff8217d8000 	/System/Library/PrivateFrameworks/CoreWiFi.framework/Versions/A/CoreWiFi
0x00007ff81b010000 	/System/Library/PrivateFrameworks/MultiverseSupport.framework/Versions/A/MultiverseSupport
0x00007ff821bcf000 	/System/Library/PrivateFrameworks/RemoteServiceDiscovery.framework/Versions/A/RemoteServiceDiscovery
0x00007ff81f4a4000 	/System/Library/PrivateFrameworks/DiskManagement.framework/Versions/A/DiskManagement
0x00007ff81f3b8000 	/System/Library/PrivateFrameworks/AppleIDAuthSupport.framework/Versions/A/AppleIDAuthSupport
0x00007ffb0daed000 	/System/Library/PrivateFrameworks/AAAFoundation.framework/Versions/A/AAAFoundation
0x00007ff81b72d000 	/System/Library/PrivateFrameworks/KeychainCircle.framework/Versions/A/KeychainCircle
0x00007ff821bdf000 	/System/Library/PrivateFrameworks/RemoteXPC.framework/Versions/A/RemoteXPC
0x00007ff81f470000 	/System/Library/PrivateFrameworks/MediaKit.framework/Versions/A/MediaKit
0x00007ff81f3c4000 	/System/Library/Frameworks/DiscRecording.framework/Versions/A/DiscRecording
0x00007ff818cff000 	/usr/lib/libCoreStorage.dylib
0x00007ff821c4a000 	/usr/lib/libcsfde.dylib
0x00007ff81c42d000 	/System/Library/PrivateFrameworks/ProtectedCloudStorage.framework/Versions/A/ProtectedCloudStorage
0x00007ff821c46000 	/System/Library/PrivateFrameworks/EFILogin.framework/Versions/A/EFILogin
0x00007ff81fb22000 	/System/Library/PrivateFrameworks/OctagonTrust.framework/Versions/A/OctagonTrust
0x00007ff8149c8000 	/System/Library/PrivateFrameworks/ViewBridge.framework/Versions/A/ViewBridge
0x000000010fd02000 	/usr/lib/libobjc-trampolines.dylib
0x00007ff917d21000 	/System/Library/Frameworks/Accelerate.framework/Versions/A/Frameworks/vImage.framework/Versions/A/Libraries/libCGInterfaces.dylib
0x00007ff81944f000 	/System/Library/PrivateFrameworks/login.framework/Versions/A/login
0x00007ffa1d59b000 	/System/Library/Extensions/AppleIntelBDWGraphicsMTLDriver.bundle/Contents/MacOS/AppleIntelBDWGraphicsMTLDriver
0x00007ff913718000 	/System/Library/PrivateFrameworks/GPURawCounter.framework/Versions/A/GPURawCounter
0x0000000125902000 	/Users/aidanlynch/Documents/MAXSwerve for MK4i/build/jni/release/libntcorejni.dylib
0x000000010fce6000 	/Users/aidanlynch/Documents/MAXSwerve for MK4i/build/jni/release/libwpiutiljni.dylib
0x000000010ffbe000 	/Users/aidanlynch/Documents/MAXSwerve for MK4i/build/jni/release/libcscorejni.dylib
0x0000000125942000 	/Users/aidanlynch/Documents/MAXSwerve for MK4i/build/jni/release/libcscore.dylib
0x00000001282d7000 	/Users/aidanlynch/Documents/MAXSwerve for MK4i/build/jni/release/libopencv_imgproc.4.6.dylib
0x0000000127be0000 	/Users/aidanlynch/Documents/MAXSwerve for MK4i/build/jni/release/libopencv_flann.4.6.dylib
0x0000000127ace000 	/Users/aidanlynch/Documents/MAXSwerve for MK4i/build/jni/release/libopencv_features2d.4.6.dylib
0x0000000127c6c000 	/Users/aidanlynch/Documents/MAXSwerve for MK4i/build/jni/release/libopencv_gapi.4.6.dylib
0x0000000128877000 	/Users/aidanlynch/Documents/MAXSwerve for MK4i/build/jni/release/libopencv_ml.4.6.dylib
0x0000000128c84000 	/Users/aidanlynch/Documents/MAXSwerve for MK4i/build/jni/release/libopencv_calib3d.4.6.dylib
0x0000000129476000 	/Users/aidanlynch/Documents/MAXSwerve for MK4i/build/jni/release/libopencv_core.4.6.dylib
0x000000012890f000 	/Users/aidanlynch/Documents/MAXSwerve for MK4i/build/jni/release/libopencv_stitching.4.6.dylib
0x000000010ff4b000 	/Users/aidanlynch/Documents/MAXSwerve for MK4i/build/jni/release/libopencv_videoio.4.6.dylib
0x0000000127b8a000 	/Users/aidanlynch/Documents/MAXSwerve for MK4i/build/jni/release/libopencv_highgui.4.6.dylib
0x00000001289a3000 	/Users/aidanlynch/Documents/MAXSwerve for MK4i/build/jni/release/libopencv_objdetect.4.6.dylib
0x0000000128178000 	/Users/aidanlynch/Documents/MAXSwerve for MK4i/build/jni/release/libopencv_imgcodecs.4.6.dylib
0x0000000128afe000 	/Users/aidanlynch/Documents/MAXSwerve for MK4i/build/jni/release/libopencv_video.4.6.dylib
0x0000000128a2f000 	/Users/aidanlynch/Documents/MAXSwerve for MK4i/build/jni/release/libopencv_photo.4.6.dylib
0x0000000128c4a000 	/Users/aidanlynch/Documents/MAXSwerve for MK4i/build/jni/release/libREVLibDriver.dylib
0x0000000129edd000 	/Users/aidanlynch/Documents/MAXSwerve for MK4i/build/jni/release/libCTRE_PhoenixCCISim.dylib
0x000000012a2c1000 	/Users/aidanlynch/Documents/MAXSwerve for MK4i/build/jni/release/libCTRE_PhoenixTools_Sim.dylib
0x0000000129433000 	/Users/aidanlynch/Documents/MAXSwerve for MK4i/build/jni/release/libCTRE_SimTalonFX.dylib
0x0000000129e68000 	/Users/aidanlynch/Documents/MAXSwerve for MK4i/build/jni/release/libCTRE_SimTalonSRX.dylib
0x0000000129e8d000 	/Users/aidanlynch/Documents/MAXSwerve for MK4i/build/jni/release/libCTRE_SimVictorSPX.dylib
0x0000000129eae000 	/Users/aidanlynch/Documents/MAXSwerve for MK4i/build/jni/release/libCTRE_SimPigeonIMU.dylib
0x0000000129f38000 	/Users/aidanlynch/Documents/MAXSwerve for MK4i/build/jni/release/libCTRE_SimCANCoder.dylib
0x0000000129e16000 	/Users/aidanlynch/Documents/MAXSwerve for MK4i/build/jni/release/libCTRE_SimProTalonFX.dylib
0x0000000129fad000 	/Users/aidanlynch/Documents/MAXSwerve for MK4i/build/jni/release/libCTRE_SimProCANcoder.dylib
0x0000000129f51000 	/Users/aidanlynch/Documents/MAXSwerve for MK4i/build/jni/release/libCTRE_SimProPigeon2.dylib


VM Arguments:
jvm_args: -agentlib:jdwp=transport=dt_socket,server=n,suspend=y,address=localhost:52605 -Djava.library.path=/Users/aidanlynch/Documents/MAXSwerve for MK4i/build/jni/release 
java_command: frc.robot.Main
java_class_path (initial): /Users/aidanlynch/Documents/MAXSwerve for MK4i/bin/main:/Users/aidanlynch/wpilib/2023/maven/edu/wpi/first/wpilibj/wpilibj-java/2023.4.3/wpilibj-java-2023.4.3.jar:/Users/aidanlynch/wpilib/2023/maven/edu/wpi/first/wpimath/wpimath-java/2023.4.3/wpimath-java-2023.4.3.jar:/Users/aidanlynch/wpilib/2023/maven/edu/wpi/first/ntcore/ntcore-java/2023.4.3/ntcore-java-2023.4.3.jar:/Users/aidanlynch/wpilib/2023/maven/edu/wpi/first/cscore/cscore-java/2023.4.3/cscore-java-2023.4.3.jar:/Users/aidanlynch/wpilib/2023/maven/edu/wpi/first/cameraserver/cameraserver-java/2023.4.3/cameraserver-java-2023.4.3.jar:/Users/aidanlynch/wpilib/2023/maven/edu/wpi/first/hal/hal-java/2023.4.3/hal-java-2023.4.3.jar:/Users/aidanlynch/wpilib/2023/maven/edu/wpi/first/wpinet/wpinet-java/2023.4.3/wpinet-java-2023.4.3.jar:/Users/aidanlynch/wpilib/2023/maven/edu/wpi/first/wpiutil/wpiutil-java/2023.4.3/wpiutil-java-2023.4.3.jar:/Users/aidanlynch/wpilib/2023/maven/edu/wpi/first/apriltag/apriltag-java/2023.4.3/apriltag-java-2023.4.3.jar:/Users/aidanlynch/wpilib/2023/maven/edu/wpi/first/thirdparty/frc2023/opencv/opencv-java/4.6.0-4/opencv-java-4.6.0-4.jar:/Users/aidanlynch/wpilib/2023/maven/org/ejml/ejml-simple/0.41/ejml-simple-0.41.jar:/Users/aidanlynch/wpilib/2023/maven/com/fasterxml/jackson/core/jackson-databind/2.12.4/jackson-databind-2.12.4.jar:/Users/aidanlynch/wpilib/2023/maven/com/fasterxml/jackson/core/jackson-annotations/2.12.4/jackson-annotations-2.12.4.jar:/Users/aidanlynch/wpilib/2023/maven/com/fasterxml/jackson/core/jackson-core/2.12.4/jackson-core-2.12.4.jar:/Users/aidanlynch/wpilib/2023/maven/edu/wpi/first/wpilibNewCommands/wpilibNewCommands-java/2023.4.3/wpilibNewCommands-java-2023.4.3.jar:/Users/aidanlynch/.gradle/caches/modules-2/files-2.1/com.revrobotics.frc/REVLib-java/2023.1.3/ad233088fa485e45cb8670e19bb75e946469ee62/REVLib-java-2023.1.3.jar:/Users/aidanlynch/.gradle/caches/modules-2/files-2.1/com.ctre.phoenix/api-java/5.31.0/5d94dddf91fa2039158d5b1d80999ffd8afa
Launcher Type: SUN_STANDARD

[Global flags]
     intx CICompilerCount                          = 3                                         {product} {ergonomic}
     uint ConcGCThreads                            = 1                                         {product} {ergonomic}
     uint G1ConcRefinementThreads                  = 4                                         {product} {ergonomic}
   size_t G1HeapRegionSize                         = 1048576                                   {product} {ergonomic}
    uintx GCDrainStackTargetSize                   = 64                                        {product} {ergonomic}
   size_t InitialHeapSize                          = 67108864                                  {product} {ergonomic}
   size_t MarkStackSize                            = 4194304                                   {product} {ergonomic}
   size_t MaxHeapSize                              = 1073741824                                {product} {ergonomic}
   size_t MaxNewSize                               = 643825664                                 {product} {ergonomic}
   size_t MinHeapDeltaBytes                        = 1048576                                   {product} {ergonomic}
    uintx NonNMethodCodeHeapSize                   = 5830732                                {pd product} {ergonomic}
    uintx NonProfiledCodeHeapSize                  = 122913754                              {pd product} {ergonomic}
    uintx ProfiledCodeHeapSize                     = 122913754                              {pd product} {ergonomic}
    uintx ReservedCodeCacheSize                    = 251658240                              {pd product} {ergonomic}
     bool SegmentedCodeCache                       = true                                      {product} {ergonomic}
     bool UseCompressedClassPointers               = true                                 {lp64_product} {ergonomic}
     bool UseCompressedOops                        = true                                 {lp64_product} {ergonomic}
     bool UseG1GC                                  = true                                      {product} {ergonomic}

Logging:
Log output configuration:
 #0: stdout all=warning uptime,level,tags
 #1: stderr all=off uptime,level,tags

Environment Variables:
JAVA_HOME=/Users/aidanlynch/wpilib/2023/jdk
PATH=/usr/local/bin:/usr/bin:/bin:/usr/sbin:/sbin:/Users/aidanlynch/wpilib/2023/jdk/bin
LD_LIBRARY_PATH=/Users/aidanlynch/Documents/MAXSwerve for MK4i/build/jni/release
SHELL=/bin/zsh
DYLD_LIBRARY_PATH=/Users/aidanlynch/Documents/MAXSwerve for MK4i/build/jni/release

Signal Handlers:
SIGSEGV: [libjvm.dylib+0x7921b4], sa_mask[0]=11111111011111110111111111111111, sa_flags=SA_ONSTACK|SA_RESTART|SA_SIGINFO
SIGBUS: [libjvm.dylib+0x7921b4], sa_mask[0]=11111111011111110111111111111111, sa_flags=SA_RESTART|SA_SIGINFO
SIGFPE: [libjvm.dylib+0x7921b4], sa_mask[0]=11111111011111110111111111111111, sa_flags=SA_RESTART|SA_SIGINFO
SIGPIPE: SIG_IGN, sa_mask[0]=00000000000000000000000000000000, sa_flags=SA_RESTART
SIGXFSZ: [libjvm.dylib+0x6443ae], sa_mask[0]=11111111011111110111111111111111, sa_flags=SA_RESTART|SA_SIGINFO
SIGILL: [libjvm.dylib+0x7921b4], sa_mask[0]=11111111011111110111111111111111, sa_flags=SA_RESTART|SA_SIGINFO
SIGUSR2: [libjvm.dylib+0x6449c2], sa_mask[0]=00000000000000000000000000000000, sa_flags=SA_RESTART|SA_SIGINFO
SIGHUP: [libjvm.dylib+0x6433e1], sa_mask[0]=11111111011111110111111111111111, sa_flags=SA_RESTART|SA_SIGINFO
SIGINT: [libjvm.dylib+0x6433e1], sa_mask[0]=11111111011111110111111111111111, sa_flags=SA_RESTART|SA_SIGINFO
SIGTERM: [libjvm.dylib+0x6433e1], sa_mask[0]=11111111011111110111111111111111, sa_flags=SA_RESTART|SA_SIGINFO
SIGQUIT: [libjvm.dylib+0x6433e1], sa_mask[0]=11111111011111110111111111111111, sa_flags=SA_RESTART|SA_SIGINFO


---------------  S Y S T E M  ---------------

OS:uname:Darwin 21.6.0 Darwin Kernel Version 21.6.0: Fri Sep 15 16:17:23 PDT 2023; root:xnu-8020.240.18.703.5~1/RELEASE_X86_64 x86_64
rlimit: STACK 8192k, CORE 0k, NPROC 1392, NOFILE 10240, AS infinity, DATA infinity, FSIZE infinity
load average:7.79 5.45 4.52

CPU:total 4 (initial active 4) (2 cores per cpu, 2 threads per core) family 6 model 61 stepping 4 microcode 0x2f, cmov, cx8, fxsr, mmx, sse, sse2, sse3, ssse3, sse4.1, sse4.2, popcnt, avx, avx2, aes, clmul, erms, 3dnowpref, lzcnt, ht, tsc, tscinvbit, bmi1, bmi2, adx, fma

Memory: 4k page, physical 4194304k(34872k free)

vm_info: Java HotSpot(TM) 64-Bit Server VM (11.0.20+9-LTS-256) for bsd-amd64 JRE (11.0.20+9-LTS-256), built on Jun 14 2023 09:38:26 by "mach5one" with gcc Apple LLVM 12.0.0 (clang-1200.0.32.29)

END.
